Arguments: 
  /usr/local/bin/node /usr/local/Cellar/yarn/1.12.3/libexec/bin/yarn.js add appolo-server graphql

PATH: 
  /Users/nimit/.rvm/gems/ruby-2.2.5/bin:/Users/nimit/.rvm/gems/ruby-2.2.5@global/bin:/Users/nimit/.rvm/rubies/ruby-2.2.5/bin:/Users/nimit/.fastlane/bin:/usr/local/bin:/usr/bin:/bin:/usr/sbin:/sbin:/Users/nimit/.rvm/gems/ruby-2.2.5/bin:/Users/nimit/.rvm/gems/ruby-2.2.5@global/bin:/Users/nimit/.rvm/rubies/ruby-2.2.5/bin:/Users/nimit/.fastlane/bin:/usr/local/opt/mysql@5.6/bin:/Users/nimit/.rvm/bin:/usr/local/opt/mysql@5.6/bin

Yarn version: 
  1.12.3

Node version: 
  10.15.3

Platform: 
  darwin x64

Trace: 
  Error: https://registry.yarnpkg.com/appolo-server: Not found
      at Request.params.callback [as _callback] (/usr/local/Cellar/yarn/1.12.3/libexec/lib/cli.js:65894:18)
      at Request.self.callback (/usr/local/Cellar/yarn/1.12.3/libexec/lib/cli.js:129018:22)
      at Request.emit (events.js:189:13)
      at Request.<anonymous> (/usr/local/Cellar/yarn/1.12.3/libexec/lib/cli.js:129990:10)
      at Request.emit (events.js:189:13)
      at IncomingMessage.<anonymous> (/usr/local/Cellar/yarn/1.12.3/libexec/lib/cli.js:129912:12)
      at Object.onceWrapper (events.js:277:13)
      at IncomingMessage.emit (events.js:194:15)
      at endReadableNT (_stream_readable.js:1125:12)
      at process._tickCallback (internal/process/next_tick.js:63:19)

npm manifest: 
  {
    "name": "graphql-hello-world",
    "version": "1.0.0",
    "main": "index.js",
    "license": "MIT"
  }

yarn manifest: 
  No manifest

Lockfile: 
  No lockfile
